<?xml version="1.0" encoding="utf-8"?><assessmentTest xmlns:xsi="http://www.w3.org/2001/XMLSchema-instance" xsi:schemaLocation="http://www.imsglobal.org/xsd/imsqti_v2p2 http://www.imsglobal.org/xsd/qti/qtiv2p2/imsqti_v2p2p2.xsd" identifier="TST-Test-maatwerktoetsen_v01" title="Test-maatwerktoetsen_v01" toolName="Questify Builder" toolVersion="3.8" xmlns="http://www.imsglobal.org/xsd/imsqti_v2p2"><outcomeDeclaration identifier="SCORE" cardinality="single" baseType="integer"><defaultValue><value>0</value></defaultValue></outcomeDeclaration><testPart identifier="RES-2b477d9b-aafa-4350-b875-c22cd5eac1cb" navigationMode="nonlinear" submissionMode="simultaneous"><assessmentSection identifier="RES-d4269001-8215-4d45-a61b-5136b9e033c7" title="Nask1" visible="true" keepTogether="false"><assessmentItemRef identifier="ITM-330001" href="330001.xml" category="CR-04 K4 A20 Afbeelding Shutterstock_ID_1227105799 KB-GL_TL"><weight identifier="WEIGHT" value="1" /></assessmentItemRef><assessmentItemRef identifier="ITM-330008" href="330008.xml" category="CR-04 K4 A20 Afbeelding eigen_beheer_Cito KB-GL_TL"><weight identifier="WEIGHT" value="1" /></assessmentItemRef><assessmentItemRef identifier="ITM-330011" href="330011.xml" category="CR-04 K4 A20 Afbeelding eigen_beheer_Cito KB-GL_TL"><weight identifier="WEIGHT" value="1" /></assessmentItemRef><assessmentItemRef identifier="ITM-330016" href="330016.xml" category="CR-04 K4 A20 Afbeelding eigen_beheer_Cito KB-GL_TL"><weight identifier="WEIGHT" value="1" /></assessmentItemRef><assessmentItemRef identifier="ITM-330041" href="330041.xml" category="CR-04 K5 A20 Afbeelding eigen_beheer_Cito KB-GL_TL"><weight identifier="WEIGHT" value="1" /></assessmentItemRef><assessmentItemRef identifier="ITM-330065" href="330065.xml" category="CR-04 K5 A20 Afbeelding Shutterstock_ID_316590215_eigen_beheer_Cito KB-GL_TL"><weight identifier="WEIGHT" value="1" /></assessmentItemRef><assessmentItemRef identifier="ITM-330134" href="330134.xml" category="CR-04 K6 A20 Afbeelding Shutterstock_ID_538622761 KB-GL_TL"><weight identifier="WEIGHT" value="1" /></assessmentItemRef><assessmentItemRef identifier="ITM-330160" href="330160.xml" category="K7 A20 Afbeelding https_www_geogebra_org_m_F6uz7cQp KB-GL_TL"><weight identifier="WEIGHT" value="1" /></assessmentItemRef><assessmentItemRef identifier="ITM-330160_alt_1" href="330160 alt 1.xml" category="K7 A20 Afbeelding https_www_geogebra_org_m_F6uz7cQp KB-GL_TL"><weight identifier="WEIGHT" value="1" /></assessmentItemRef><assessmentItemRef identifier="ITM-330160_alt_2" href="330160 alt 2.xml" category="K7 A20 Afbeelding https_www_geogebra_org_m_F6uz7cQp KB-GL_TL"><weight identifier="WEIGHT" value="1" /></assessmentItemRef><assessmentItemRef identifier="ITM-330194" href="330194.xml" category="CR-04 K8 A20 Afbeelding Shutterstock_ID_1434425798 KB-GL_TL"><weight identifier="WEIGHT" value="1" /></assessmentItemRef><assessmentItemRef identifier="ITM-330222" href="330222.xml" category="CR-04 K9 A20 Afbeelding Shutterstock_ID_1050829934_en_1154848150 KB-GL_TL"><weight identifier="WEIGHT" value="1" /></assessmentItemRef><assessmentItemRef identifier="ITM-testitem_simpele_formule_editor_voor_invoer" href="testitem simpele formule editor voor invoer.xml" category=""><weight identifier="WEIGHT" value="1" /></assessmentItemRef><assessmentItemRef identifier="ITM-testitem_symbolen" href="testitem symbolen.xml" category=""><weight identifier="WEIGHT" value="1" /></assessmentItemRef></assessmentSection><assessmentSection identifier="RES-d1062f76-b116-44f9-b9df-a1b1d62af8ac" title="wiskunde-vmbo" visible="true" keepTogether="false"><assessmentItemRef identifier="ITM-Test_item_370003a" href="Test item 370003a.xml" category="algebra A20 KB-GL_TL"><weight identifier="WEIGHT" value="1" /></assessmentItemRef><assessmentItemRef identifier="ITM-Test_item_370003b" href="Test item 370003b.xml" category="algebra A20 KB-GL_TL"><weight identifier="WEIGHT" value="1" /></assessmentItemRef><assessmentItemRef identifier="ITM-Test_item_370004" href="Test item 370004.xml" category="algebra A20 KB-GL_TL"><weight identifier="WEIGHT" value="1" /></assessmentItemRef><assessmentItemRef identifier="ITM-Test_item_370005" href="Test item 370005.xml" category="algebra A20 KB-GL_TL"><weight identifier="WEIGHT" value="1" /></assessmentItemRef><assessmentItemRef identifier="ITM-Test_item_370012a" href="Test item 370012a.xml" category="algebra A20 KB-GL_TL"><weight identifier="WEIGHT" value="1" /></assessmentItemRef><assessmentItemRef identifier="ITM-Test_item_370012b" href="Test item 370012b.xml" category="algebra A20 KB-GL_TL"><weight identifier="WEIGHT" value="1" /></assessmentItemRef><assessmentItemRef identifier="ITM-Test_item_370017a" href="Test item 370017a.xml" category="rekenen A20 KB-GL_TL"><weight identifier="WEIGHT" value="1" /></assessmentItemRef><assessmentItemRef identifier="ITM-Test_item_370017b" href="Test item 370017b.xml" category="rekenen A20 KB-GL_TL"><weight identifier="WEIGHT" value="1" /></assessmentItemRef><assessmentItemRef identifier="ITM-Test_item_370019a" href="Test item 370019a.xml" category="rekenen A20 KB-GL_TL"><weight identifier="WEIGHT" value="1" /></assessmentItemRef><assessmentItemRef identifier="ITM-Test_item_370019b" href="Test item 370019b.xml" category="rekenen A20 KB-GL_TL"><weight identifier="WEIGHT" value="1" /></assessmentItemRef><assessmentItemRef identifier="ITM-Test_item_370020a" href="Test item 370020a.xml" category="rekenen A20 KB-GL_TL"><weight identifier="WEIGHT" value="1" /></assessmentItemRef><assessmentItemRef identifier="ITM-Test_item_370020b" href="Test item 370020b.xml" category="rekenen A20 KB-GL_TL"><weight identifier="WEIGHT" value="1" /></assessmentItemRef></assessmentSection></testPart><outcomeProcessing><setOutcomeValue identifier="SCORE"><sum><variable identifier="ITM-330001.SCORE" weightIdentifier="WEIGHT" /><variable identifier="ITM-330008.SCORE" weightIdentifier="WEIGHT" /><variable identifier="ITM-330011.SCORE" weightIdentifier="WEIGHT" /><variable identifier="ITM-330016.SCORE" weightIdentifier="WEIGHT" /><variable identifier="ITM-330041.SCORE" weightIdentifier="WEIGHT" /><variable identifier="ITM-330065.SCORE" weightIdentifier="WEIGHT" /><variable identifier="ITM-330134.SCORE" weightIdentifier="WEIGHT" /><variable identifier="ITM-330160.SCORE" weightIdentifier="WEIGHT" /><variable identifier="ITM-330160_alt_1.SCORE" weightIdentifier="WEIGHT" /><variable identifier="ITM-330160_alt_2.SCORE" weightIdentifier="WEIGHT" /><variable identifier="ITM-330194.SCORE" weightIdentifier="WEIGHT" /><variable identifier="ITM-330222.SCORE" weightIdentifier="WEIGHT" /><variable identifier="ITM-testitem_simpele_formule_editor_voor_invoer.SCORE" weightIdentifier="WEIGHT" /><variable identifier="ITM-testitem_symbolen.SCORE" weightIdentifier="WEIGHT" /><variable identifier="ITM-Test_item_370003a.SCORE" weightIdentifier="WEIGHT" /><variable identifier="ITM-Test_item_370003b.SCORE" weightIdentifier="WEIGHT" /><variable identifier="ITM-Test_item_370004.SCORE" weightIdentifier="WEIGHT" /><variable identifier="ITM-Test_item_370005.SCORE" weightIdentifier="WEIGHT" /><variable identifier="ITM-Test_item_370012a.SCORE" weightIdentifier="WEIGHT" /><variable identifier="ITM-Test_item_370012b.SCORE" weightIdentifier="WEIGHT" /><variable identifier="ITM-Test_item_370017a.SCORE" weightIdentifier="WEIGHT" /><variable identifier="ITM-Test_item_370017b.SCORE" weightIdentifier="WEIGHT" /><variable identifier="ITM-Test_item_370019a.SCORE" weightIdentifier="WEIGHT" /><variable identifier="ITM-Test_item_370019b.SCORE" weightIdentifier="WEIGHT" /><variable identifier="ITM-Test_item_370020a.SCORE" weightIdentifier="WEIGHT" /><variable identifier="ITM-Test_item_370020b.SCORE" weightIdentifier="WEIGHT" /></sum></setOutcomeValue></outcomeProcessing></assessmentTest>