<?xml version="1.0" encoding="utf-8"?><dep:depTest xmlns:xsi="http://www.w3.org/2001/XMLSchema-instance" xsi:schemaLocation="" xmlns:dep="http://www.imsglobal.org/xsd/imsqti_ext_v2p2"><dep:minResolution><dep:width>1024</dep:width><dep:height>768</dep:height></dep:minResolution><dep:minColorDepth>16</dep:minColorDepth><dep:testPart qtiTestPartIdentifierRef="RES-2b477d9b-aafa-4350-b875-c22cd5eac1cb" title="toetsdeel"><dep:testSection qtiAssessmentSectionIdentifierRef="RES-d4269001-8215-4d45-a61b-5136b9e033c7"><dep:itemRef qtiAssessmentItemRefIdentifierRef="ITM-330001"><dep:usage>default</dep:usage></dep:itemRef><dep:itemRef qtiAssessmentItemRefIdentifierRef="ITM-330008"><dep:usage>default</dep:usage></dep:itemRef><dep:itemRef qtiAssessmentItemRefIdentifierRef="ITM-330011"><dep:usage>default</dep:usage></dep:itemRef><dep:itemRef qtiAssessmentItemRefIdentifierRef="ITM-330016"><dep:usage>default</dep:usage></dep:itemRef><dep:itemRef qtiAssessmentItemRefIdentifierRef="ITM-330041"><dep:usage>default</dep:usage></dep:itemRef><dep:itemRef qtiAssessmentItemRefIdentifierRef="ITM-330065"><dep:usage>default</dep:usage></dep:itemRef><dep:itemRef qtiAssessmentItemRefIdentifierRef="ITM-330134"><dep:usage>default</dep:usage></dep:itemRef><dep:itemRef qtiAssessmentItemRefIdentifierRef="ITM-330160"><dep:usage>default</dep:usage></dep:itemRef><dep:itemRef qtiAssessmentItemRefIdentifierRef="ITM-330160_alt_1"><dep:usage>default</dep:usage></dep:itemRef><dep:itemRef qtiAssessmentItemRefIdentifierRef="ITM-330160_alt_2"><dep:usage>default</dep:usage></dep:itemRef><dep:itemRef qtiAssessmentItemRefIdentifierRef="ITM-330194"><dep:usage>default</dep:usage></dep:itemRef><dep:itemRef qtiAssessmentItemRefIdentifierRef="ITM-330222"><dep:usage>default</dep:usage></dep:itemRef><dep:itemRef qtiAssessmentItemRefIdentifierRef="ITM-testitem_simpele_formule_editor_voor_invoer"><dep:usage>default</dep:usage></dep:itemRef><dep:itemRef qtiAssessmentItemRefIdentifierRef="ITM-testitem_symbolen"><dep:usage>default</dep:usage></dep:itemRef></dep:testSection><dep:testSection qtiAssessmentSectionIdentifierRef="RES-d1062f76-b116-44f9-b9df-a1b1d62af8ac"><dep:itemRef qtiAssessmentItemRefIdentifierRef="ITM-Test_item_370003a"><dep:usage>default</dep:usage></dep:itemRef><dep:itemRef qtiAssessmentItemRefIdentifierRef="ITM-Test_item_370003b"><dep:usage>default</dep:usage></dep:itemRef><dep:itemRef qtiAssessmentItemRefIdentifierRef="ITM-Test_item_370004"><dep:usage>default</dep:usage></dep:itemRef><dep:itemRef qtiAssessmentItemRefIdentifierRef="ITM-Test_item_370005"><dep:usage>default</dep:usage></dep:itemRef><dep:itemRef qtiAssessmentItemRefIdentifierRef="ITM-Test_item_370012a"><dep:usage>default</dep:usage></dep:itemRef><dep:itemRef qtiAssessmentItemRefIdentifierRef="ITM-Test_item_370012b"><dep:usage>default</dep:usage></dep:itemRef><dep:itemRef qtiAssessmentItemRefIdentifierRef="ITM-Test_item_370017a"><dep:usage>default</dep:usage></dep:itemRef><dep:itemRef qtiAssessmentItemRefIdentifierRef="ITM-Test_item_370017b"><dep:usage>default</dep:usage></dep:itemRef><dep:itemRef qtiAssessmentItemRefIdentifierRef="ITM-Test_item_370019a"><dep:usage>default</dep:usage></dep:itemRef><dep:itemRef qtiAssessmentItemRefIdentifierRef="ITM-Test_item_370019b"><dep:usage>default</dep:usage></dep:itemRef><dep:itemRef qtiAssessmentItemRefIdentifierRef="ITM-Test_item_370020a"><dep:usage>default</dep:usage></dep:itemRef><dep:itemRef qtiAssessmentItemRefIdentifierRef="ITM-Test_item_370020b"><dep:usage>default</dep:usage></dep:itemRef></dep:testSection></dep:testPart></dep:depTest>